#
# A fatal error has been detected by the Java Runtime Environment:
#
#  EXCEPTION_ACCESS_VIOLATION (0xc0000005) at pc=0x00007ffb8e33034c, pid=21536, tid=7212
#
# JRE version: Java(TM) SE Runtime Environment (12.0.2+10) (build 12.0.2+10)
# Java VM: Java HotSpot(TM) 64-Bit Server VM (12.0.2+10, mixed mode, sharing, tiered, compressed oops, g1 gc, windows-amd64)
# Problematic frame:
# V  [jvm.dll+0x32034c]
#
# No core dump will be written. Minidumps are not enabled by default on client versions of Windows
#
# If you would like to submit a bug report, please visit:
#   http://bugreport.java.com/bugreport/crash.jsp
#

---------------  S U M M A R Y ------------

Command Line: -javaagent:D:\IDEA\IntelliJ IDEA 2022.1\lib\idea_rt.jar=9450:D:\IDEA\IntelliJ IDEA 2022.1\bin -agentpath:C:\Users\YanZhi\AppData\Local\Temp\libasyncProfiler.dll=start,jfr,event=cpu,interval=10ms,jfrsync=profile,cstack=no,file=C:\Users\YanZhi\text_array2_2023_02_10_200924.jfr -Dfile.encoding=UTF-8 day9.text_array2

Host: Intel(R) Core(TM) i5-9300H CPU @ 2.40GHz, 8 cores, 15G,  Windows 10 , 64 bit Build 22621 (10.0.22621.1105)
Time: Fri Feb 10 20:09:28 2023 中国标准时间 elapsed time: 3 seconds (0d 0h 0m 3s)

---------------  T H R E A D  ---------------

Current thread (0x00000269b29a9000):  GCTaskThread "GC Thread#5" [stack: 0x00000080c7400000,0x00000080c7500000] [id=7212]

Stack: [0x00000080c7400000,0x00000080c7500000],  sp=0x00000080c74ff200,  free space=1020k
Native frames: (J=compiled Java code, j=interpreted, Vv=VM code, C=native code)
V  [jvm.dll+0x32034c]
V  [jvm.dll+0x3334df]
V  [jvm.dll+0x414b85]
V  [jvm.dll+0x333cd5]
V  [jvm.dll+0x333766]
V  [jvm.dll+0x2fd6f0]
V  [jvm.dll+0x7bd020]
V  [jvm.dll+0x74a2c8]
V  [jvm.dll+0x639b16]
C  [ucrtbase.dll+0x29363]
C  [KERNEL32.DLL+0x126bd]
C  [ntdll.dll+0x5dfb8]


siginfo: EXCEPTION_ACCESS_VIOLATION (0xc0000005), reading address 0x0000000269b190e0


Register to memory mapping:

RIP=0x00007ffb8e33034c jvm.dll
RAX=0x0000000269b190e0 is an unknown value
RBX=0x00000269b2259508 points into unknown readable memory: c0 d7 8a 8e fb 7f 00 00
RCX=0x000002698c60fbf0 points into unknown readable memory: 30 41 8b 8e fb 7f 00 00
RDX=0x0000000000007104 is an unknown value
RSP=0x00000080c74ff200 points into unknown readable memory: 01 95 25 b2 69 02 00 00
RBP=0x00000269b30b2020 points into unknown readable memory: 18 c2 8a 8e fb 7f 00 00
RSI=0x000002698c54e3d8 points into unknown readable memory: 00 e1 65 b0 69 02 00 00
RDI=0x0000000000000001 is an unknown value
R8 =0x0000000000000008 is an unknown value
R9 =0x00000008002ce210 is pointing into metadata
R10=0x000000071040db28 points into unknown readable memory: e2 90 b1 69 02 00 00 00
R11=0x0000000000000001 is an unknown value
R12=0x0 is NULL
R13=0x0000000000000008 is an unknown value
R14=0x000000071040db28 points into unknown readable memory: e2 90 b1 69 02 00 00 00
R15=0x0000000269b190e2 is an unknown value


Registers:
RAX=0x0000000269b190e0, RBX=0x00000269b2259508, RCX=0x000002698c60fbf0, RDX=0x0000000000007104
RSP=0x00000080c74ff200, RBP=0x00000269b30b2020, RSI=0x000002698c54e3d8, RDI=0x0000000000000001
R8 =0x0000000000000008, R9 =0x00000008002ce210, R10=0x000000071040db28, R11=0x0000000000000001
R12=0x0000000000000000, R13=0x0000000000000008, R14=0x000000071040db28, R15=0x0000000269b190e2
RIP=0x00007ffb8e33034c, EFLAGS=0x0000000000010202

Top of Stack: (sp=0x00000080c74ff200)
0x00000080c74ff200:   00000269b2259501 00000007103d1640
0x00000080c74ff210:   00000269b30b2020 000002698c54e3d8
0x00000080c74ff220:   00000269b30b2000 00007ffb8e30c933
0x00000080c74ff230:   00000016b1ec0499 0000000000000008
0x00000080c74ff240:   00000269b2259508 000000071038e925
0x00000080c74ff250:   000002698c54e3d8 00000269b30b2020
0x00000080c74ff260:   00000269b2259508 00000000000003d8
0x00000080c74ff270:   00000269b07ae460 00000269b065e208
0x00000080c74ff280:   0000000000000001 00007ffb8e3434df
0x00000080c74ff290:   00000269b2259508 00007ffb8e325000
0x00000080c74ff2a0:   0000000000000009 00000269b2259508
0x00000080c74ff2b0:   00000269b065e100 00007ffb8e424b85
0x00000080c74ff2c0:   0000000400000000 0000000000000000
0x00000080c74ff2d0:   00000000020499d8 0000000000000000
0x00000080c74ff2e0:   000002698c4830c0 00007ffb8e343cd5
0x00000080c74ff2f0:   00000080c60ff4b8 00000269b2259508 

Instructions: (pc=0x00007ffb8e33034c)
0x00007ffb8e33024c:   ee ff 4c 8b cf 4d 85 c9 74 45 48 8b 43 38 49 2b
0x00007ffb8e33025c:   c1 4c 89 4b 30 48 c1 e8 03 48 3b c6 72 1b 49 8d
0x00007ffb8e33026c:   04 f1 48 89 43 30 49 8b c1 48 8b 5c 24 30 48 8b
0x00007ffb8e33027c:   74 24 38 48 83 c4 20 5f c3 45 33 c9 41 8b c1 48
0x00007ffb8e33028c:   8b 5c 24 30 48 8b 74 24 38 48 83 c4 20 5f c3 48
0x00007ffb8e33029c:   8b 5c 24 30 33 c0 48 8b 74 24 38 48 83 c4 20 5f
0x00007ffb8e3302ac:   c3 cc cc cc 40 55 57 41 54 41 55 41 56 41 57 48
0x00007ffb8e3302bc:   83 ec 58 80 3d 2b 6c 77 00 00 4d 8b f9 4d 8b f0
0x00007ffb8e3302cc:   0f b6 fa 48 8b e9 74 16 41 8b 50 08 8b 0d 4a e7
0x00007ffb8e3302dc:   70 00 48 d3 e2 48 03 15 38 e7 70 00 eb 04 49 8b
0x00007ffb8e3302ec:   50 08 49 8b ce 48 89 9c 24 a8 00 00 00 e8 42 2e
0x00007ffb8e3302fc:   e8 ff 4c 63 e8 49 8b d6 48 8b 45 08 45 33 e4 4c
0x00007ffb8e33030c:   89 6c 24 38 48 8b 80 00 01 00 00 8b 48 68 48 8b
0x00007ffb8e33031c:   40 58 48 d3 ea 48 8b 0c d0 8b 81 44 01 00 00 89
0x00007ffb8e33032c:   44 24 34 40 80 ff 01 75 2f 41 0f b6 c7 f6 d0 40
0x00007ffb8e33033c:   84 c7 75 05 4d 8b e7 eb 0a 49 8b c7 48 83 e0 fd
0x00007ffb8e33034c:   4c 8b 20 49 c1 ec 03 41 83 e4 0f 44 3b a5 6c 01
0x00007ffb8e33035c:   00 00 73 04 b3 01 eb 0c 48 0f be c7 0f b6 9c 28
0x00007ffb8e33036c:   68 01 00 00 80 bd c8 01 00 00 00 74 18 80 fb 02
0x00007ffb8e33037c:   75 13 4d 8b c7 49 8b d6 48 8b cd e8 24 06 00 00
0x00007ffb8e33038c:   e9 0c 04 00 00 48 8b 4d 60 4d 8b c5 0f b6 d3 48
0x00007ffb8e33039c:   89 74 24 50 e8 6b 07 00 00 48 8b f0 48 85 c0 0f
0x00007ffb8e3303ac:   85 a7 01 00 00 48 8b 4d 60 4c 8d 8c 24 98 00 00
0x00007ffb8e3303bc:   00 4d 8b c5 88 84 24 98 00 00 00 0f b6 d3 e8 81
0x00007ffb8e3303cc:   8b fc ff 48 8b f0 48 85 c0 0f 85 8d 00 00 00 0f
0x00007ffb8e3303dc:   b6 84 24 98 00 00 00 88 84 24 a0 00 00 00 80 fb
0x00007ffb8e3303ec:   01 0f 85 cc 00 00 00 48 8b 45 60 4d 8b c5 48 8b
0x00007ffb8e3303fc:   c8 40 88 b4 24 90 00 00 00 b2 02 c6 44 24 30 02
0x00007ffb8e33040c:   48 89 44 24 40 e8 fa 06 00 00 48 8b f0 48 85 c0
0x00007ffb8e33041c:   75 1a 48 8b 4c 24 40 4c 8d 8c 24 90 00 00 00 4d
0x00007ffb8e33042c:   8b c5 b2 02 e8 1b 8b fc ff 48 8b f0 80 bc 24 a0
0x00007ffb8e33043c:   00 00 00 00 74 0a c7 85 6c 01 00 00 00 00 00 00 


Stack slot to memory mapping:
stack at sp + 0 slots: 0x00000269b2259501 points into unknown readable memory: d7 8a 8e fb 7f 00 00
stack at sp + 1 slots: 0x00000007103d1640 points into unknown readable memory: 09 00 00 00 00 00 00 00
stack at sp + 2 slots: 0x00000269b30b2020 points into unknown readable memory: 18 c2 8a 8e fb 7f 00 00
stack at sp + 3 slots: 0x000002698c54e3d8 points into unknown readable memory: 00 e1 65 b0 69 02 00 00
stack at sp + 4 slots: 0x00000269b30b2000 points into unknown readable memory: 00 00 00 00 00 00 00 00
stack at sp + 5 slots: 0x00007ffb8e30c933 jvm.dll
stack at sp + 6 slots: 0x00000016b1ec0499 is an unknown value
stack at sp + 7 slots: 0x0000000000000008 is an unknown value


---------------  P R O C E S S  ---------------

Threads class SMR info:
_java_thread_list=0x00000269b3117710, length=16, elements={
0x000002698c464800, 0x00000269b063f800, 0x00000269b0640800, 0x00000269b0669000,
0x00000269b066a800, 0x00000269b066b800, 0x00000269b066e800, 0x00000269b0670800,
0x00000269b077d000, 0x00000269b113e800, 0x00000269b28a5800, 0x00000269b25ec800,
0x00000269b261d800, 0x00000269b30b3800, 0x00000269b370c800, 0x00000269b3be5800
}

Java Threads: ( => current thread )
  0x000002698c464800 JavaThread "main" [_thread_blocked, id=19860, stack(0x00000080c5a00000,0x00000080c5b00000)]
  0x00000269b063f800 JavaThread "Reference Handler" daemon [_thread_blocked, id=4624, stack(0x00000080c6100000,0x00000080c6200000)]
  0x00000269b0640800 JavaThread "Finalizer" daemon [_thread_blocked, id=35796, stack(0x00000080c6200000,0x00000080c6300000)]
  0x00000269b0669000 JavaThread "Signal Dispatcher" daemon [_thread_blocked, id=7024, stack(0x00000080c6300000,0x00000080c6400000)]
  0x00000269b066a800 JavaThread "Attach Listener" daemon [_thread_blocked, id=32256, stack(0x00000080c6400000,0x00000080c6500000)]
  0x00000269b066b800 JavaThread "C2 CompilerThread0" daemon [_thread_blocked, id=18000, stack(0x00000080c6500000,0x00000080c6600000)]
  0x00000269b066e800 JavaThread "C1 CompilerThread0" daemon [_thread_blocked, id=33292, stack(0x00000080c6600000,0x00000080c6700000)]
  0x00000269b0670800 JavaThread "Sweeper thread" daemon [_thread_blocked, id=30816, stack(0x00000080c6700000,0x00000080c6800000)]
  0x00000269b077d000 JavaThread "Common-Cleaner" daemon [_thread_blocked, id=23076, stack(0x00000080c6800000,0x00000080c6900000)]
  0x00000269b113e800 JavaThread "Monitor Ctrl-Break" daemon [_thread_in_native, id=35004, stack(0x00000080c6a00000,0x00000080c6b00000)]
  0x00000269b28a5800 JavaThread "JFR Recorder Thread" daemon [_thread_blocked, id=25980, stack(0x00000080c6900000,0x00000080c6a00000)]
  0x00000269b25ec800 JavaThread "C2 CompilerThread1" daemon [_thread_blocked, id=19748, stack(0x00000080c6b00000,0x00000080c6c00000)]
  0x00000269b261d800 JavaThread "C2 CompilerThread2" daemon [_thread_blocked, id=33744, stack(0x00000080c6c00000,0x00000080c6d00000)]
  0x00000269b30b3800 JavaThread "JFR Periodic Tasks" daemon [_thread_blocked, id=19780, stack(0x00000080c6d00000,0x00000080c6e00000)]
  0x00000269b370c800 JavaThread "JFR Recording Scheduler" daemon [_thread_blocked, id=27404, stack(0x00000080c6f00000,0x00000080c7000000)]
  0x00000269b3be5800 JavaThread "RMI TCP Accept-0" daemon [_thread_blocked, id=12448, stack(0x00000080c6e00000,0x00000080c6f00000)]

Other Threads:
  0x00000269b063e800 VMThread "VM Thread" [stack: 0x00000080c6000000,0x00000080c6100000] [id=31212]
  0x000002698c4d4800 GCTaskThread "GC Thread#0" [stack: 0x00000080c5b00000,0x00000080c5c00000] [id=32260]
  0x00000269b4f5e800 GCTaskThread "GC Thread#1" [stack: 0x00000080c7000000,0x00000080c7100000] [id=23488]
  0x00000269b416c000 GCTaskThread "GC Thread#2" [stack: 0x00000080c7100000,0x00000080c7200000] [id=5536]
  0x00000269b472c000 GCTaskThread "GC Thread#3" [stack: 0x00000080c7200000,0x00000080c7300000] [id=30104]
  0x00000269b3ebb000 GCTaskThread "GC Thread#4" [stack: 0x00000080c7300000,0x00000080c7400000] [id=22756]
=>0x00000269b29a9000 GCTaskThread "GC Thread#5" [stack: 0x00000080c7400000,0x00000080c7500000] [id=7212]
  0x000002698c4ee800 ConcurrentGCThread "G1 Main Marker" [stack: 0x00000080c5c00000,0x00000080c5d00000] [id=35756]
  0x000002698c4f1800 ConcurrentGCThread "G1 Conc#0" [stack: 0x00000080c5d00000,0x00000080c5e00000] [id=34648]
  0x000002698c634800 ConcurrentGCThread "G1 Refine#0" [stack: 0x00000080c5e00000,0x00000080c5f00000] [id=19784]
  0x00000269b04ba800 ConcurrentGCThread "G1 Young RemSet Sampling" [stack: 0x00000080c5f00000,0x00000080c6000000] [id=8588]

Threads with active compile tasks:
C2 CompilerThread0  1223       4       jdk.internal.org.objectweb.asm.Frame::execute (2305 bytes)
C2 CompilerThread1  1259       4       jdk.internal.org.objectweb.asm.commons.Remapper::mapType (123 bytes)
C2 CompilerThread2  1447       4       java.util.Arrays::copyOf (40 bytes)

VM state:at safepoint (normal execution)

VM Mutex/Monitor currently owned by a thread:  ([mutex/lock_event])
[0x000002698c461a10] Threads_lock - owner thread: 0x00000269b063e800
[0x000002698c460d20] Heap_lock - owner thread: 0x00000269b066a800

Heap address: 0x0000000701c00000, size: 4068 MB, Compressed Oops mode: Zero based, Oop shift amount: 3
Narrow klass base: 0x0000000800000000, Narrow klass shift: 3
Compressed class space size: 1073741824 Address: 0x0000000801190000

Heap:
 garbage-first heap   total 262144K, used 24576K [0x0000000701c00000, 0x0000000800000000)
  region size 1024K, 27 young (27648K), 3 survivors (3072K)
 Metaspace       used 7259K, capacity 7563K, committed 7680K, reserved 1056768K
  class space    used 804K, capacity 935K, committed 1024K, reserved 1048576K
Heap Regions: E=young(eden), S=young(survivor), O=old, HS=humongous(starts), HC=humongous(continues), CS=collection set, F=free, A=archive, TAMS=top-at-mark-start (previous, next)
|   0|0x0000000701c00000, 0x0000000701c98900, 0x0000000701d00000| 59%| O|  |TAMS 0x0000000701c00000, 0x0000000701c00000| Untracked 
|   1|0x0000000701d00000, 0x0000000701d00000, 0x0000000701e00000|  0%| F|  |TAMS 0x0000000701d00000, 0x0000000701d00000| Untracked 
|   2|0x0000000701e00000, 0x0000000701e00000, 0x0000000701f00000|  0%| F|  |TAMS 0x0000000701e00000, 0x0000000701e00000| Untracked 
|   3|0x0000000701f00000, 0x0000000701f00000, 0x0000000702000000|  0%| F|  |TAMS 0x0000000701f00000, 0x0000000701f00000| Untracked 
|   4|0x0000000702000000, 0x0000000702000000, 0x0000000702100000|  0%| F|  |TAMS 0x0000000702000000, 0x0000000702000000| Untracked 
|   5|0x0000000702100000, 0x0000000702100000, 0x0000000702200000|  0%| F|  |TAMS 0x0000000702100000, 0x0000000702100000| Untracked 
|   6|0x0000000702200000, 0x0000000702200000, 0x0000000702300000|  0%| F|  |TAMS 0x0000000702200000, 0x0000000702200000| Untracked 
|   7|0x0000000702300000, 0x0000000702300000, 0x0000000702400000|  0%| F|  |TAMS 0x0000000702300000, 0x0000000702300000| Untracked 
|   8|0x0000000702400000, 0x0000000702400000, 0x0000000702500000|  0%| F|  |TAMS 0x0000000702400000, 0x0000000702400000| Untracked 
|   9|0x0000000702500000, 0x0000000702500000, 0x0000000702600000|  0%| F|  |TAMS 0x0000000702500000, 0x0000000702500000| Untracked 
|  10|0x0000000702600000, 0x0000000702600000, 0x0000000702700000|  0%| F|  |TAMS 0x0000000702600000, 0x0000000702600000| Untracked 
|  11|0x0000000702700000, 0x0000000702700000, 0x0000000702800000|  0%| F|  |TAMS 0x0000000702700000, 0x0000000702700000| Untracked 
|  12|0x0000000702800000, 0x0000000702800000, 0x0000000702900000|  0%| F|  |TAMS 0x0000000702800000, 0x0000000702800000| Untracked 
|  13|0x0000000702900000, 0x0000000702900000, 0x0000000702a00000|  0%| F|  |TAMS 0x0000000702900000, 0x0000000702900000| Untracked 
|  14|0x0000000702a00000, 0x0000000702a00000, 0x0000000702b00000|  0%| F|  |TAMS 0x0000000702a00000, 0x0000000702a00000| Untracked 
|  15|0x0000000702b00000, 0x0000000702b00000, 0x0000000702c00000|  0%| F|  |TAMS 0x0000000702b00000, 0x0000000702b00000| Untracked 
|  16|0x0000000702c00000, 0x0000000702c00000, 0x0000000702d00000|  0%| F|  |TAMS 0x0000000702c00000, 0x0000000702c00000| Untracked 
|  17|0x0000000702d00000, 0x0000000702d00000, 0x0000000702e00000|  0%| F|  |TAMS 0x0000000702d00000, 0x0000000702d00000| Untracked 
|  18|0x0000000702e00000, 0x0000000702e00000, 0x0000000702f00000|  0%| F|  |TAMS 0x0000000702e00000, 0x0000000702e00000| Untracked 
|  19|0x0000000702f00000, 0x0000000702f00000, 0x0000000703000000|  0%| F|  |TAMS 0x0000000702f00000, 0x0000000702f00000| Untracked 
|  20|0x0000000703000000, 0x0000000703000000, 0x0000000703100000|  0%| F|  |TAMS 0x0000000703000000, 0x0000000703000000| Untracked 
|  21|0x0000000703100000, 0x0000000703100000, 0x0000000703200000|  0%| F|  |TAMS 0x0000000703100000, 0x0000000703100000| Untracked 
|  22|0x0000000703200000, 0x0000000703200000, 0x0000000703300000|  0%| F|  |TAMS 0x0000000703200000, 0x0000000703200000| Untracked 
|  23|0x0000000703300000, 0x0000000703300000, 0x0000000703400000|  0%| F|  |TAMS 0x0000000703300000, 0x0000000703300000| Untracked 
|  24|0x0000000703400000, 0x0000000703400000, 0x0000000703500000|  0%| F|  |TAMS 0x0000000703400000, 0x0000000703400000| Untracked 
|  25|0x0000000703500000, 0x0000000703500000, 0x0000000703600000|  0%| F|  |TAMS 0x0000000703500000, 0x0000000703500000| Untracked 
|  26|0x0000000703600000, 0x0000000703600000, 0x0000000703700000|  0%| F|  |TAMS 0x0000000703600000, 0x0000000703600000| Untracked 
|  27|0x0000000703700000, 0x0000000703700000, 0x0000000703800000|  0%| F|  |TAMS 0x0000000703700000, 0x0000000703700000| Untracked 
|  28|0x0000000703800000, 0x0000000703800000, 0x0000000703900000|  0%| F|  |TAMS 0x0000000703800000, 0x0000000703800000| Untracked 
|  29|0x0000000703900000, 0x0000000703900000, 0x0000000703a00000|  0%| F|  |TAMS 0x0000000703900000, 0x0000000703900000| Untracked 
|  30|0x0000000703a00000, 0x0000000703a00000, 0x0000000703b00000|  0%| F|  |TAMS 0x0000000703a00000, 0x0000000703a00000| Untracked 
|  31|0x0000000703b00000, 0x0000000703b00000, 0x0000000703c00000|  0%| F|  |TAMS 0x0000000703b00000, 0x0000000703b00000| Untracked 
|  32|0x0000000703c00000, 0x0000000703c00000, 0x0000000703d00000|  0%| F|  |TAMS 0x0000000703c00000, 0x0000000703c00000| Untracked 
|  33|0x0000000703d00000, 0x0000000703d00000, 0x0000000703e00000|  0%| F|  |TAMS 0x0000000703d00000, 0x0000000703d00000| Untracked 
|  34|0x0000000703e00000, 0x0000000703e00000, 0x0000000703f00000|  0%| F|  |TAMS 0x0000000703e00000, 0x0000000703e00000| Untracked 
|  35|0x0000000703f00000, 0x0000000703f00000, 0x0000000704000000|  0%| F|  |TAMS 0x0000000703f00000, 0x0000000703f00000| Untracked 
|  36|0x0000000704000000, 0x0000000704000000, 0x0000000704100000|  0%| F|  |TAMS 0x0000000704000000, 0x0000000704000000| Untracked 
|  37|0x0000000704100000, 0x0000000704100000, 0x0000000704200000|  0%| F|  |TAMS 0x0000000704100000, 0x0000000704100000| Untracked 
|  38|0x0000000704200000, 0x0000000704200000, 0x0000000704300000|  0%| F|  |TAMS 0x0000000704200000, 0x0000000704200000| Untracked 
|  39|0x0000000704300000, 0x0000000704300000, 0x0000000704400000|  0%| F|  |TAMS 0x0000000704300000, 0x0000000704300000| Untracked 
|  40|0x0000000704400000, 0x0000000704400000, 0x0000000704500000|  0%| F|  |TAMS 0x0000000704400000, 0x0000000704400000| Untracked 
|  41|0x0000000704500000, 0x0000000704500000, 0x0000000704600000|  0%| F|  |TAMS 0x0000000704500000, 0x0000000704500000| Untracked 
|  42|0x0000000704600000, 0x0000000704600000, 0x0000000704700000|  0%| F|  |TAMS 0x0000000704600000, 0x0000000704600000| Untracked 
|  43|0x0000000704700000, 0x0000000704700000, 0x0000000704800000|  0%| F|  |TAMS 0x0000000704700000, 0x0000000704700000| Untracked 
|  44|0x0000000704800000, 0x0000000704800000, 0x0000000704900000|  0%| F|  |TAMS 0x0000000704800000, 0x0000000704800000| Untracked 
|  45|0x0000000704900000, 0x0000000704900000, 0x0000000704a00000|  0%| F|  |TAMS 0x0000000704900000, 0x0000000704900000| Untracked 
|  46|0x0000000704a00000, 0x0000000704a00000, 0x0000000704b00000|  0%| F|  |TAMS 0x0000000704a00000, 0x0000000704a00000| Untracked 
|  47|0x0000000704b00000, 0x0000000704b00000, 0x0000000704c00000|  0%| F|  |TAMS 0x0000000704b00000, 0x0000000704b00000| Untracked 
|  48|0x0000000704c00000, 0x0000000704c00000, 0x0000000704d00000|  0%| F|  |TAMS 0x0000000704c00000, 0x0000000704c00000| Untracked 
|  49|0x0000000704d00000, 0x0000000704d00000, 0x0000000704e00000|  0%| F|  |TAMS 0x0000000704d00000, 0x0000000704d00000| Untracked 
|  50|0x0000000704e00000, 0x0000000704e00000, 0x0000000704f00000|  0%| F|  |TAMS 0x0000000704e00000, 0x0000000704e00000| Untracked 
|  51|0x0000000704f00000, 0x0000000704f00000, 0x0000000705000000|  0%| F|  |TAMS 0x0000000704f00000, 0x0000000704f00000| Untracked 
|  52|0x0000000705000000, 0x0000000705000000, 0x0000000705100000|  0%| F|  |TAMS 0x0000000705000000, 0x0000000705000000| Untracked 
|  53|0x0000000705100000, 0x0000000705100000, 0x0000000705200000|  0%| F|  |TAMS 0x0000000705100000, 0x0000000705100000| Untracked 
|  54|0x0000000705200000, 0x0000000705200000, 0x0000000705300000|  0%| F|  |TAMS 0x0000000705200000, 0x0000000705200000| Untracked 
|  55|0x0000000705300000, 0x0000000705300000, 0x0000000705400000|  0%| F|  |TAMS 0x0000000705300000, 0x0000000705300000| Untracked 
|  56|0x0000000705400000, 0x0000000705400000, 0x0000000705500000|  0%| F|  |TAMS 0x0000000705400000, 0x0000000705400000| Untracked 
|  57|0x0000000705500000, 0x0000000705500000, 0x0000000705600000|  0%| F|  |TAMS 0x0000000705500000, 0x0000000705500000| Untracked 
|  58|0x0000000705600000, 0x0000000705600000, 0x0000000705700000|  0%| F|  |TAMS 0x0000000705600000, 0x0000000705600000| Untracked 
|  59|0x0000000705700000, 0x0000000705700000, 0x0000000705800000|  0%| F|  |TAMS 0x0000000705700000, 0x0000000705700000| Untracked 
|  60|0x0000000705800000, 0x0000000705800000, 0x0000000705900000|  0%| F|  |TAMS 0x0000000705800000, 0x0000000705800000| Untracked 
|  61|0x0000000705900000, 0x0000000705900000, 0x0000000705a00000|  0%| F|  |TAMS 0x0000000705900000, 0x0000000705900000| Untracked 
|  62|0x0000000705a00000, 0x0000000705a00000, 0x0000000705b00000|  0%| F|  |TAMS 0x0000000705a00000, 0x0000000705a00000| Untracked 
|  63|0x0000000705b00000, 0x0000000705b00000, 0x0000000705c00000|  0%| F|  |TAMS 0x0000000705b00000, 0x0000000705b00000| Untracked 
|  64|0x0000000705c00000, 0x0000000705c00000, 0x0000000705d00000|  0%| F|  |TAMS 0x0000000705c00000, 0x0000000705c00000| Untracked 
|  65|0x0000000705d00000, 0x0000000705d00000, 0x0000000705e00000|  0%| F|  |TAMS 0x0000000705d00000, 0x0000000705d00000| Untracked 
|  66|0x0000000705e00000, 0x0000000705e00000, 0x0000000705f00000|  0%| F|  |TAMS 0x0000000705e00000, 0x0000000705e00000| Untracked 
|  67|0x0000000705f00000, 0x0000000705f00000, 0x0000000706000000|  0%| F|  |TAMS 0x0000000705f00000, 0x0000000705f00000| Untracked 
|  68|0x0000000706000000, 0x0000000706000000, 0x0000000706100000|  0%| F|  |TAMS 0x0000000706000000, 0x0000000706000000| Untracked 
|  69|0x0000000706100000, 0x0000000706100000, 0x0000000706200000|  0%| F|  |TAMS 0x0000000706100000, 0x0000000706100000| Untracked 
|  70|0x0000000706200000, 0x0000000706200000, 0x0000000706300000|  0%| F|  |TAMS 0x0000000706200000, 0x0000000706200000| Untracked 
|  71|0x0000000706300000, 0x0000000706300000, 0x0000000706400000|  0%| F|  |TAMS 0x0000000706300000, 0x0000000706300000| Untracked 
|  72|0x0000000706400000, 0x0000000706400000, 0x0000000706500000|  0%| F|  |TAMS 0x0000000706400000, 0x0000000706400000| Untracked 
|  73|0x0000000706500000, 0x0000000706500000, 0x0000000706600000|  0%| F|  |TAMS 0x0000000706500000, 0x0000000706500000| Untracked 
|  74|0x0000000706600000, 0x0000000706600000, 0x0000000706700000|  0%| F|  |TAMS 0x0000000706600000, 0x0000000706600000| Untracked 
|  75|0x0000000706700000, 0x0000000706700000, 0x0000000706800000|  0%| F|  |TAMS 0x0000000706700000, 0x0000000706700000| Untracked 
|  76|0x0000000706800000, 0x0000000706800000, 0x0000000706900000|  0%| F|  |TAMS 0x0000000706800000, 0x0000000706800000| Untracked 
|  77|0x0000000706900000, 0x0000000706900000, 0x0000000706a00000|  0%| F|  |TAMS 0x0000000706900000, 0x0000000706900000| Untracked 
|  78|0x0000000706a00000, 0x0000000706a00000, 0x0000000706b00000|  0%| F|  |TAMS 0x0000000706a00000, 0x0000000706a00000| Untracked 
|  79|0x0000000706b00000, 0x0000000706b00000, 0x0000000706c00000|  0%| F|  |TAMS 0x0000000706b00000, 0x0000000706b00000| Untracked 
|  80|0x0000000706c00000, 0x0000000706c00000, 0x0000000706d00000|  0%| F|  |TAMS 0x0000000706c00000, 0x0000000706c00000| Untracked 
|  81|0x0000000706d00000, 0x0000000706d00000, 0x0000000706e00000|  0%| F|  |TAMS 0x0000000706d00000, 0x0000000706d00000| Untracked 
|  82|0x0000000706e00000, 0x0000000706e00000, 0x0000000706f00000|  0%| F|  |TAMS 0x0000000706e00000, 0x0000000706e00000| Untracked 
|  83|0x0000000706f00000, 0x0000000706f00000, 0x0000000707000000|  0%| F|  |TAMS 0x0000000706f00000, 0x0000000706f00000| Untracked 
|  84|0x0000000707000000, 0x0000000707000000, 0x0000000707100000|  0%| F|  |TAMS 0x0000000707000000, 0x0000000707000000| Untracked 
|  85|0x0000000707100000, 0x0000000707100000, 0x0000000707200000|  0%| F|  |TAMS 0x0000000707100000, 0x0000000707100000| Untracked 
|  86|0x0000000707200000, 0x0000000707200000, 0x0000000707300000|  0%| F|  |TAMS 0x0000000707200000, 0x0000000707200000| Untracked 
|  87|0x0000000707300000, 0x0000000707300000, 0x0000000707400000|  0%| F|  |TAMS 0x0000000707300000, 0x0000000707300000| Untracked 
|  88|0x0000000707400000, 0x0000000707400000, 0x0000000707500000|  0%| F|  |TAMS 0x0000000707400000, 0x0000000707400000| Untracked 
|  89|0x0000000707500000, 0x0000000707500000, 0x0000000707600000|  0%| F|  |TAMS 0x0000000707500000, 0x0000000707500000| Untracked 
|  90|0x0000000707600000, 0x0000000707600000, 0x0000000707700000|  0%| F|  |TAMS 0x0000000707600000, 0x0000000707600000| Untracked 
|  91|0x0000000707700000, 0x0000000707700000, 0x0000000707800000|  0%| F|  |TAMS 0x0000000707700000, 0x0000000707700000| Untracked 
|  92|0x0000000707800000, 0x0000000707800000, 0x0000000707900000|  0%| F|  |TAMS 0x0000000707800000, 0x0000000707800000| Untracked 
|  93|0x0000000707900000, 0x0000000707900000, 0x0000000707a00000|  0%| F|  |TAMS 0x0000000707900000, 0x0000000707900000| Untracked 
|  94|0x0000000707a00000, 0x0000000707a00000, 0x0000000707b00000|  0%| F|  |TAMS 0x0000000707a00000, 0x0000000707a00000| Untracked 
|  95|0x0000000707b00000, 0x0000000707b00000, 0x0000000707c00000|  0%| F|  |TAMS 0x0000000707b00000, 0x0000000707b00000| Untracked 
|  96|0x0000000707c00000, 0x0000000707c00000, 0x0000000707d00000|  0%| F|  |TAMS 0x0000000707c00000, 0x0000000707c00000| Untracked 
|  97|0x0000000707d00000, 0x0000000707d00000, 0x0000000707e00000|  0%| F|  |TAMS 0x0000000707d00000, 0x0000000707d00000| Untracked 
|  98|0x0000000707e00000, 0x0000000707e00000, 0x0000000707f00000|  0%| F|  |TAMS 0x0000000707e00000, 0x0000000707e00000| Untracked 
|  99|0x0000000707f00000, 0x0000000707f00000, 0x0000000708000000|  0%| F|  |TAMS 0x0000000707f00000, 0x0000000707f00000| Untracked 
| 100|0x0000000708000000, 0x0000000708000000, 0x0000000708100000|  0%| F|  |TAMS 0x0000000708000000, 0x0000000708000000| Untracked 
| 101|0x0000000708100000, 0x0000000708100000, 0x0000000708200000|  0%| F|  |TAMS 0x0000000708100000, 0x0000000708100000| Untracked 
| 102|0x0000000708200000, 0x0000000708200000, 0x0000000708300000|  0%| F|  |TAMS 0x0000000708200000, 0x0000000708200000| Untracked 
| 103|0x0000000708300000, 0x0000000708300000, 0x0000000708400000|  0%| F|  |TAMS 0x0000000708300000, 0x0000000708300000| Untracked 
| 104|0x0000000708400000, 0x0000000708400000, 0x0000000708500000|  0%| F|  |TAMS 0x0000000708400000, 0x0000000708400000| Untracked 
| 105|0x0000000708500000, 0x0000000708500000, 0x0000000708600000|  0%| F|  |TAMS 0x0000000708500000, 0x0000000708500000| Untracked 
| 106|0x0000000708600000, 0x0000000708600000, 0x0000000708700000|  0%| F|  |TAMS 0x0000000708600000, 0x0000000708600000| Untracked 
| 107|0x0000000708700000, 0x0000000708700000, 0x0000000708800000|  0%| F|  |TAMS 0x0000000708700000, 0x0000000708700000| Untracked 
| 108|0x0000000708800000, 0x0000000708800000, 0x0000000708900000|  0%| F|  |TAMS 0x0000000708800000, 0x0000000708800000| Untracked 
| 109|0x0000000708900000, 0x0000000708900000, 0x0000000708a00000|  0%| F|  |TAMS 0x0000000708900000, 0x0000000708900000| Untracked 
| 110|0x0000000708a00000, 0x0000000708a00000, 0x0000000708b00000|  0%| F|  |TAMS 0x0000000708a00000, 0x0000000708a00000| Untracked 
| 111|0x0000000708b00000, 0x0000000708b00000, 0x0000000708c00000|  0%| F|  |TAMS 0x0000000708b00000, 0x0000000708b00000| Untracked 
| 112|0x0000000708c00000, 0x0000000708c00000, 0x0000000708d00000|  0%| F|  |TAMS 0x0000000708c00000, 0x0000000708c00000| Untracked 
| 113|0x0000000708d00000, 0x0000000708d00000, 0x0000000708e00000|  0%| F|  |TAMS 0x0000000708d00000, 0x0000000708d00000| Untracked 
| 114|0x0000000708e00000, 0x0000000708e00000, 0x0000000708f00000|  0%| F|  |TAMS 0x0000000708e00000, 0x0000000708e00000| Untracked 
| 115|0x0000000708f00000, 0x0000000708f00000, 0x0000000709000000|  0%| F|  |TAMS 0x0000000708f00000, 0x0000000708f00000| Untracked 
| 116|0x0000000709000000, 0x0000000709000000, 0x0000000709100000|  0%| F|  |TAMS 0x0000000709000000, 0x0000000709000000| Untracked 
| 117|0x0000000709100000, 0x0000000709100000, 0x0000000709200000|  0%| F|  |TAMS 0x0000000709100000, 0x0000000709100000| Untracked 
| 118|0x0000000709200000, 0x0000000709200000, 0x0000000709300000|  0%| F|  |TAMS 0x0000000709200000, 0x0000000709200000| Untracked 
| 119|0x0000000709300000, 0x0000000709300000, 0x0000000709400000|  0%| F|  |TAMS 0x0000000709300000, 0x0000000709300000| Untracked 
| 120|0x0000000709400000, 0x0000000709400000, 0x0000000709500000|  0%| F|  |TAMS 0x0000000709400000, 0x0000000709400000| Untracked 
| 121|0x0000000709500000, 0x0000000709500000, 0x0000000709600000|  0%| F|  |TAMS 0x0000000709500000, 0x0000000709500000| Untracked 
| 122|0x0000000709600000, 0x0000000709600000, 0x0000000709700000|  0%| F|  |TAMS 0x0000000709600000, 0x0000000709600000| Untracked 
| 123|0x0000000709700000, 0x0000000709700000, 0x0000000709800000|  0%| F|  |TAMS 0x0000000709700000, 0x0000000709700000| Untracked 
| 124|0x0000000709800000, 0x0000000709800000, 0x0000000709900000|  0%| F|  |TAMS 0x0000000709800000, 0x0000000709800000| Untracked 
| 125|0x0000000709900000, 0x0000000709900000, 0x0000000709a00000|  0%| F|  |TAMS 0x0000000709900000, 0x0000000709900000| Untracked 
| 126|0x0000000709a00000, 0x0000000709a00000, 0x0000000709b00000|  0%| F|  |TAMS 0x0000000709a00000, 0x0000000709a00000| Untracked 
| 127|0x0000000709b00000, 0x0000000709b00000, 0x0000000709c00000|  0%| F|  |TAMS 0x0000000709b00000, 0x0000000709b00000| Untracked 
| 128|0x0000000709c00000, 0x0000000709c00000, 0x0000000709d00000|  0%| F|  |TAMS 0x0000000709c00000, 0x0000000709c00000| Untracked 
| 129|0x0000000709d00000, 0x0000000709d00000, 0x0000000709e00000|  0%| F|  |TAMS 0x0000000709d00000, 0x0000000709d00000| Untracked 
| 130|0x0000000709e00000, 0x0000000709e00000, 0x0000000709f00000|  0%| F|  |TAMS 0x0000000709e00000, 0x0000000709e00000| Untracked 
| 131|0x0000000709f00000, 0x0000000709f00000, 0x000000070a000000|  0%| F|  |TAMS 0x0000000709f00000, 0x0000000709f00000| Untracked 
| 132|0x000000070a000000, 0x000000070a000000, 0x000000070a100000|  0%| F|  |TAMS 0x000000070a000000, 0x000000070a000000| Untracked 
| 133|0x000000070a100000, 0x000000070a100000, 0x000000070a200000|  0%| F|  |TAMS 0x000000070a100000, 0x000000070a100000| Untracked 
| 134|0x000000070a200000, 0x000000070a200000, 0x000000070a300000|  0%| F|  |TAMS 0x000000070a200000, 0x000000070a200000| Untracked 
| 135|0x000000070a300000, 0x000000070a300000, 0x000000070a400000|  0%| F|  |TAMS 0x000000070a300000, 0x000000070a300000| Untracked 
| 136|0x000000070a400000, 0x000000070a400000, 0x000000070a500000|  0%| F|  |TAMS 0x000000070a400000, 0x000000070a400000| Untracked 
| 137|0x000000070a500000, 0x000000070a500000, 0x000000070a600000|  0%| F|  |TAMS 0x000000070a500000, 0x000000070a500000| Untracked 
| 138|0x000000070a600000, 0x000000070a600000, 0x000000070a700000|  0%| F|  |TAMS 0x000000070a600000, 0x000000070a600000| Untracked 
| 139|0x000000070a700000, 0x000000070a700000, 0x000000070a800000|  0%| F|  |TAMS 0x000000070a700000, 0x000000070a700000| Untracked 
| 140|0x000000070a800000, 0x000000070a800000, 0x000000070a900000|  0%| F|  |TAMS 0x000000070a800000, 0x000000070a800000| Untracked 
| 141|0x000000070a900000, 0x000000070a900000, 0x000000070aa00000|  0%| F|  |TAMS 0x000000070a900000, 0x000000070a900000| Untracked 
| 142|0x000000070aa00000, 0x000000070aa00000, 0x000000070ab00000|  0%| F|  |TAMS 0x000000070aa00000, 0x000000070aa00000| Untracked 
| 143|0x000000070ab00000, 0x000000070ab00000, 0x000000070ac00000|  0%| F|  |TAMS 0x000000070ab00000, 0x000000070ab00000| Untracked 
| 144|0x000000070ac00000, 0x000000070ac00000, 0x000000070ad00000|  0%| F|  |TAMS 0x000000070ac00000, 0x000000070ac00000| Untracked 
| 145|0x000000070ad00000, 0x000000070ad00000, 0x000000070ae00000|  0%| F|  |TAMS 0x000000070ad00000, 0x000000070ad00000| Untracked 
| 146|0x000000070ae00000, 0x000000070ae00000, 0x000000070af00000|  0%| F|  |TAMS 0x000000070ae00000, 0x000000070ae00000| Untracked 
| 147|0x000000070af00000, 0x000000070af00000, 0x000000070b000000|  0%| F|  |TAMS 0x000000070af00000, 0x000000070af00000| Untracked 
| 148|0x000000070b000000, 0x000000070b000000, 0x000000070b100000|  0%| F|  |TAMS 0x000000070b000000, 0x000000070b000000| Untracked 
| 149|0x000000070b100000, 0x000000070b100000, 0x000000070b200000|  0%| F|  |TAMS 0x000000070b100000, 0x000000070b100000| Untracked 
| 150|0x000000070b200000, 0x000000070b200000, 0x000000070b300000|  0%| F|  |TAMS 0x000000070b200000, 0x000000070b200000| Untracked 
| 151|0x000000070b300000, 0x000000070b300000, 0x000000070b400000|  0%| F|  |TAMS 0x000000070b300000, 0x000000070b300000| Untracked 
| 152|0x000000070b400000, 0x000000070b400000, 0x000000070b500000|  0%| F|  |TAMS 0x000000070b400000, 0x000000070b400000| Untracked 
| 153|0x000000070b500000, 0x000000070b500000, 0x000000070b600000|  0%| F|  |TAMS 0x000000070b500000, 0x000000070b500000| Untracked 
| 154|0x000000070b600000, 0x000000070b600000, 0x000000070b700000|  0%| F|  |TAMS 0x000000070b600000, 0x000000070b600000| Untracked 
| 155|0x000000070b700000, 0x000000070b700000, 0x000000070b800000|  0%| F|  |TAMS 0x000000070b700000, 0x000000070b700000| Untracked 
| 156|0x000000070b800000, 0x000000070b800000, 0x000000070b900000|  0%| F|  |TAMS 0x000000070b800000, 0x000000070b800000| Untracked 
| 157|0x000000070b900000, 0x000000070b900000, 0x000000070ba00000|  0%| F|  |TAMS 0x000000070b900000, 0x000000070b900000| Untracked 
| 158|0x000000070ba00000, 0x000000070ba00000, 0x000000070bb00000|  0%| F|  |TAMS 0x000000070ba00000, 0x000000070ba00000| Untracked 
| 159|0x000000070bb00000, 0x000000070bb00000, 0x000000070bc00000|  0%| F|  |TAMS 0x000000070bb00000, 0x000000070bb00000| Untracked 
| 160|0x000000070bc00000, 0x000000070bc00000, 0x000000070bd00000|  0%| F|  |TAMS 0x000000070bc00000, 0x000000070bc00000| Untracked 
| 161|0x000000070bd00000, 0x000000070bd00000, 0x000000070be00000|  0%| F|  |TAMS 0x000000070bd00000, 0x000000070bd00000| Untracked 
| 162|0x000000070be00000, 0x000000070be00000, 0x000000070bf00000|  0%| F|  |TAMS 0x000000070be00000, 0x000000070be00000| Untracked 
| 163|0x000000070bf00000, 0x000000070bf00000, 0x000000070c000000|  0%| F|  |TAMS 0x000000070bf00000, 0x000000070bf00000| Untracked 
| 164|0x000000070c000000, 0x000000070c000000, 0x000000070c100000|  0%| F|  |TAMS 0x000000070c000000, 0x000000070c000000| Untracked 
| 165|0x000000070c100000, 0x000000070c100000, 0x000000070c200000|  0%| F|  |TAMS 0x000000070c100000, 0x000000070c100000| Untracked 
| 166|0x000000070c200000, 0x000000070c200000, 0x000000070c300000|  0%| F|  |TAMS 0x000000070c200000, 0x000000070c200000| Untracked 
| 167|0x000000070c300000, 0x000000070c300000, 0x000000070c400000|  0%| F|  |TAMS 0x000000070c300000, 0x000000070c300000| Untracked 
| 168|0x000000070c400000, 0x000000070c400000, 0x000000070c500000|  0%| F|  |TAMS 0x000000070c400000, 0x000000070c400000| Untracked 
| 169|0x000000070c500000, 0x000000070c500000, 0x000000070c600000|  0%| F|  |TAMS 0x000000070c500000, 0x000000070c500000| Untracked 
| 170|0x000000070c600000, 0x000000070c600000, 0x000000070c700000|  0%| F|  |TAMS 0x000000070c600000, 0x000000070c600000| Untracked 
| 171|0x000000070c700000, 0x000000070c700000, 0x000000070c800000|  0%| F|  |TAMS 0x000000070c700000, 0x000000070c700000| Untracked 
| 172|0x000000070c800000, 0x000000070c800000, 0x000000070c900000|  0%| F|  |TAMS 0x000000070c800000, 0x000000070c800000| Untracked 
| 173|0x000000070c900000, 0x000000070c900000, 0x000000070ca00000|  0%| F|  |TAMS 0x000000070c900000, 0x000000070c900000| Untracked 
| 174|0x000000070ca00000, 0x000000070ca00000, 0x000000070cb00000|  0%| F|  |TAMS 0x000000070ca00000, 0x000000070ca00000| Untracked 
| 175|0x000000070cb00000, 0x000000070cb00000, 0x000000070cc00000|  0%| F|  |TAMS 0x000000070cb00000, 0x000000070cb00000| Untracked 
| 176|0x000000070cc00000, 0x000000070cc00000, 0x000000070cd00000|  0%| F|  |TAMS 0x000000070cc00000, 0x000000070cc00000| Untracked 
| 177|0x000000070cd00000, 0x000000070cd00000, 0x000000070ce00000|  0%| F|  |TAMS 0x000000070cd00000, 0x000000070cd00000| Untracked 
| 178|0x000000070ce00000, 0x000000070ce00000, 0x000000070cf00000|  0%| F|  |TAMS 0x000000070ce00000, 0x000000070ce00000| Untracked 
| 179|0x000000070cf00000, 0x000000070cf00000, 0x000000070d000000|  0%| F|  |TAMS 0x000000070cf00000, 0x000000070cf00000| Untracked 
| 180|0x000000070d000000, 0x000000070d000000, 0x000000070d100000|  0%| F|  |TAMS 0x000000070d000000, 0x000000070d000000| Untracked 
| 181|0x000000070d100000, 0x000000070d100000, 0x000000070d200000|  0%| F|  |TAMS 0x000000070d100000, 0x000000070d100000| Untracked 
| 182|0x000000070d200000, 0x000000070d200000, 0x000000070d300000|  0%| F|  |TAMS 0x000000070d200000, 0x000000070d200000| Untracked 
| 183|0x000000070d300000, 0x000000070d300000, 0x000000070d400000|  0%| F|  |TAMS 0x000000070d300000, 0x000000070d300000| Untracked 
| 184|0x000000070d400000, 0x000000070d400000, 0x000000070d500000|  0%| F|  |TAMS 0x000000070d400000, 0x000000070d400000| Untracked 
| 185|0x000000070d500000, 0x000000070d500000, 0x000000070d600000|  0%| F|  |TAMS 0x000000070d500000, 0x000000070d500000| Untracked 
| 186|0x000000070d600000, 0x000000070d600000, 0x000000070d700000|  0%| F|  |TAMS 0x000000070d600000, 0x000000070d600000| Untracked 
| 187|0x000000070d700000, 0x000000070d700000, 0x000000070d800000|  0%| F|  |TAMS 0x000000070d700000, 0x000000070d700000| Untracked 
| 188|0x000000070d800000, 0x000000070d800000, 0x000000070d900000|  0%| F|  |TAMS 0x000000070d800000, 0x000000070d800000| Untracked 
| 189|0x000000070d900000, 0x000000070d900000, 0x000000070da00000|  0%| F|  |TAMS 0x000000070d900000, 0x000000070d900000| Untracked 
| 190|0x000000070da00000, 0x000000070da00000, 0x000000070db00000|  0%| F|  |TAMS 0x000000070da00000, 0x000000070da00000| Untracked 
| 191|0x000000070db00000, 0x000000070db00000, 0x000000070dc00000|  0%| F|  |TAMS 0x000000070db00000, 0x000000070db00000| Untracked 
| 192|0x000000070dc00000, 0x000000070dc00000, 0x000000070dd00000|  0%| F|  |TAMS 0x000000070dc00000, 0x000000070dc00000| Untracked 
| 193|0x000000070dd00000, 0x000000070dd00000, 0x000000070de00000|  0%| F|  |TAMS 0x000000070dd00000, 0x000000070dd00000| Untracked 
| 194|0x000000070de00000, 0x000000070de00000, 0x000000070df00000|  0%| F|  |TAMS 0x000000070de00000, 0x000000070de00000| Untracked 
| 195|0x000000070df00000, 0x000000070df00000, 0x000000070e000000|  0%| F|  |TAMS 0x000000070df00000, 0x000000070df00000| Untracked 
| 196|0x000000070e000000, 0x000000070e000000, 0x000000070e100000|  0%| F|  |TAMS 0x000000070e000000, 0x000000070e000000| Untracked 
| 197|0x000000070e100000, 0x000000070e100000, 0x000000070e200000|  0%| F|  |TAMS 0x000000070e100000, 0x000000070e100000| Untracked 
| 198|0x000000070e200000, 0x000000070e200000, 0x000000070e300000|  0%| F|  |TAMS 0x000000070e200000, 0x000000070e200000| Untracked 
| 199|0x000000070e300000, 0x000000070e300000, 0x000000070e400000|  0%| F|  |TAMS 0x000000070e300000, 0x000000070e300000| Untracked 
| 200|0x000000070e400000, 0x000000070e400000, 0x000000070e500000|  0%| F|  |TAMS 0x000000070e400000, 0x000000070e400000| Untracked 
| 201|0x000000070e500000, 0x000000070e500000, 0x000000070e600000|  0%| F|  |TAMS 0x000000070e500000, 0x000000070e500000| Untracked 
| 202|0x000000070e600000, 0x000000070e600000, 0x000000070e700000|  0%| F|  |TAMS 0x000000070e600000, 0x000000070e600000| Untracked 
| 203|0x000000070e700000, 0x000000070e700000, 0x000000070e800000|  0%| F|  |TAMS 0x000000070e700000, 0x000000070e700000| Untracked 
| 204|0x000000070e800000, 0x000000070e800000, 0x000000070e900000|  0%| F|  |TAMS 0x000000070e800000, 0x000000070e800000| Untracked 
| 205|0x000000070e900000, 0x000000070e900000, 0x000000070ea00000|  0%| F|  |TAMS 0x000000070e900000, 0x000000070e900000| Untracked 
| 206|0x000000070ea00000, 0x000000070ea00000, 0x000000070eb00000|  0%| F|  |TAMS 0x000000070ea00000, 0x000000070ea00000| Untracked 
| 207|0x000000070eb00000, 0x000000070eb00000, 0x000000070ec00000|  0%| F|  |TAMS 0x000000070eb00000, 0x000000070eb00000| Untracked 
| 208|0x000000070ec00000, 0x000000070ec00000, 0x000000070ed00000|  0%| F|  |TAMS 0x000000070ec00000, 0x000000070ec00000| Untracked 
| 209|0x000000070ed00000, 0x000000070ed00000, 0x000000070ee00000|  0%| F|  |TAMS 0x000000070ed00000, 0x000000070ed00000| Untracked 
| 210|0x000000070ee00000, 0x000000070ee00000, 0x000000070ef00000|  0%| F|  |TAMS 0x000000070ee00000, 0x000000070ee00000| Untracked 
| 211|0x000000070ef00000, 0x000000070ef00000, 0x000000070f000000|  0%| F|  |TAMS 0x000000070ef00000, 0x000000070ef00000| Untracked 
| 212|0x000000070f000000, 0x000000070f000000, 0x000000070f100000|  0%| F|  |TAMS 0x000000070f000000, 0x000000070f000000| Untracked 
| 213|0x000000070f100000, 0x000000070f100000, 0x000000070f200000|  0%| F|  |TAMS 0x000000070f100000, 0x000000070f100000| Untracked 
| 214|0x000000070f200000, 0x000000070f200000, 0x000000070f300000|  0%| F|  |TAMS 0x000000070f200000, 0x000000070f200000| Untracked 
| 215|0x000000070f300000, 0x000000070f300000, 0x000000070f400000|  0%| F|  |TAMS 0x000000070f300000, 0x000000070f300000| Untracked 
| 216|0x000000070f400000, 0x000000070f400000, 0x000000070f500000|  0%| F|  |TAMS 0x000000070f400000, 0x000000070f400000| Untracked 
| 217|0x000000070f500000, 0x000000070f500000, 0x000000070f600000|  0%| F|  |TAMS 0x000000070f500000, 0x000000070f500000| Untracked 
| 218|0x000000070f600000, 0x000000070f600000, 0x000000070f700000|  0%| F|  |TAMS 0x000000070f600000, 0x000000070f600000| Untracked 
| 219|0x000000070f700000, 0x000000070f700000, 0x000000070f800000|  0%| F|  |TAMS 0x000000070f700000, 0x000000070f700000| Untracked 
| 220|0x000000070f800000, 0x000000070f800000, 0x000000070f900000|  0%| F|  |TAMS 0x000000070f800000, 0x000000070f800000| Untracked 
| 221|0x000000070f900000, 0x000000070f900000, 0x000000070fa00000|  0%| F|  |TAMS 0x000000070f900000, 0x000000070f900000| Untracked 
| 222|0x000000070fa00000, 0x000000070fa00000, 0x000000070fb00000|  0%| F|  |TAMS 0x000000070fa00000, 0x000000070fa00000| Untracked 
| 223|0x000000070fb00000, 0x000000070fb00000, 0x000000070fc00000|  0%| F|  |TAMS 0x000000070fb00000, 0x000000070fb00000| Untracked 
| 224|0x000000070fc00000, 0x000000070fc00000, 0x000000070fd00000|  0%| F|  |TAMS 0x000000070fc00000, 0x000000070fc00000| Untracked 
| 225|0x000000070fd00000, 0x000000070fd00000, 0x000000070fe00000|  0%| F|  |TAMS 0x000000070fd00000, 0x000000070fd00000| Untracked 
| 226|0x000000070fe00000, 0x000000070fe00000, 0x000000070ff00000|  0%| F|  |TAMS 0x000000070fe00000, 0x000000070fe00000| Untracked 
| 227|0x000000070ff00000, 0x000000070ff00000, 0x0000000710000000|  0%| F|  |TAMS 0x000000070ff00000, 0x000000070ff00000| Untracked 
| 228|0x0000000710000000, 0x0000000710000000, 0x0000000710100000|  0%| F|  |TAMS 0x0000000710000000, 0x0000000710000000| Untracked 
| 229|0x0000000710100000, 0x0000000710200000, 0x0000000710200000|100%| S|  |TAMS 0x0000000710100000, 0x0000000710100000| Complete 
| 230|0x0000000710200000, 0x0000000710300000, 0x0000000710300000|100%| S|  |TAMS 0x0000000710200000, 0x0000000710200000| Complete 
| 231|0x0000000710300000, 0x0000000710400000, 0x0000000710400000|100%| S|  |TAMS 0x0000000710300000, 0x0000000710300000| Complete 
| 232|0x0000000710400000, 0x0000000710500000, 0x0000000710500000|100%| E|CS|TAMS 0x0000000710400000, 0x0000000710400000| Complete 
| 233|0x0000000710500000, 0x0000000710600000, 0x0000000710600000|100%| E|CS|TAMS 0x0000000710500000, 0x0000000710500000| Complete 
| 234|0x0000000710600000, 0x0000000710700000, 0x0000000710700000|100%| E|CS|TAMS 0x0000000710600000, 0x0000000710600000| Complete 
| 235|0x0000000710700000, 0x0000000710800000, 0x0000000710800000|100%| E|CS|TAMS 0x0000000710700000, 0x0000000710700000| Complete 
| 236|0x0000000710800000, 0x0000000710900000, 0x0000000710900000|100%| E|CS|TAMS 0x0000000710800000, 0x0000000710800000| Complete 
| 237|0x0000000710900000, 0x0000000710a00000, 0x0000000710a00000|100%| E|CS|TAMS 0x0000000710900000, 0x0000000710900000| Complete 
| 238|0x0000000710a00000, 0x0000000710b00000, 0x0000000710b00000|100%| E|CS|TAMS 0x0000000710a00000, 0x0000000710a00000| Complete 
| 239|0x0000000710b00000, 0x0000000710c00000, 0x0000000710c00000|100%| E|CS|TAMS 0x0000000710b00000, 0x0000000710b00000| Complete 
| 240|0x0000000710c00000, 0x0000000710d00000, 0x0000000710d00000|100%| E|CS|TAMS 0x0000000710c00000, 0x0000000710c00000| Complete 
| 241|0x0000000710d00000, 0x0000000710e00000, 0x0000000710e00000|100%| E|CS|TAMS 0x0000000710d00000, 0x0000000710d00000| Complete 
| 242|0x0000000710e00000, 0x0000000710f00000, 0x0000000710f00000|100%| E|CS|TAMS 0x0000000710e00000, 0x0000000710e00000| Complete 
| 243|0x0000000710f00000, 0x0000000711000000, 0x0000000711000000|100%| E|CS|TAMS 0x0000000710f00000, 0x0000000710f00000| Complete 
| 244|0x0000000711000000, 0x0000000711100000, 0x0000000711100000|100%| E|CS|TAMS 0x0000000711000000, 0x0000000711000000| Complete 
| 245|0x0000000711100000, 0x0000000711200000, 0x0000000711200000|100%| E|CS|TAMS 0x0000000711100000, 0x0000000711100000| Complete 
| 246|0x0000000711200000, 0x0000000711300000, 0x0000000711300000|100%| E|CS|TAMS 0x0000000711200000, 0x0000000711200000| Complete 
| 247|0x0000000711300000, 0x0000000711400000, 0x0000000711400000|100%| E|CS|TAMS 0x0000000711300000, 0x0000000711300000| Complete 
| 248|0x0000000711400000, 0x0000000711500000, 0x0000000711500000|100%| E|CS|TAMS 0x0000000711400000, 0x0000000711400000| Complete 
| 249|0x0000000711500000, 0x0000000711600000, 0x0000000711600000|100%| E|CS|TAMS 0x0000000711500000, 0x0000000711500000| Complete 
| 250|0x0000000711600000, 0x0000000711700000, 0x0000000711700000|100%| E|CS|TAMS 0x0000000711600000, 0x0000000711600000| Complete 
| 251|0x0000000711700000, 0x0000000711800000, 0x0000000711800000|100%| E|CS|TAMS 0x0000000711700000, 0x0000000711700000| Complete 
| 252|0x0000000711800000, 0x0000000711900000, 0x0000000711900000|100%| E|CS|TAMS 0x0000000711800000, 0x0000000711800000| Complete 
| 253|0x0000000711900000, 0x0000000711a00000, 0x0000000711a00000|100%| E|CS|TAMS 0x0000000711900000, 0x0000000711900000| Complete 
| 254|0x0000000711a00000, 0x0000000711b00000, 0x0000000711b00000|100%| E|CS|TAMS 0x0000000711a00000, 0x0000000711a00000| Complete 
| 255|0x0000000711b00000, 0x0000000711c00000, 0x0000000711c00000|100%| E|CS|TAMS 0x0000000711b00000, 0x0000000711b00000| Complete 

Card table byte_map: [0x00000269a4bf0000,0x00000269a53f0000] _byte_map_base: 0x00000269a13e2000

Marking Bits (Prev, Next): (CMBitMap*) 0x000002698c4d5a08, (CMBitMap*) 0x000002698c4d5a48
 Prev Bits: [0x00000269a5bf0000, 0x00000269a9b80000)
 Next Bits: [0x00000269a9b80000, 0x00000269adb10000)

Polling page: 0x000002698a150000

Metaspace:

Usage:
  Non-class:      6.47 MB capacity,     6.30 MB ( 97%) used,   145.44 KB (  2%) free+waste,    27.81 KB ( <1%) overhead. 
      Class:    935.00 KB capacity,   804.38 KB ( 86%) used,   115.87 KB ( 12%) free+waste,    14.75 KB (  2%) overhead. 
       Both:      7.39 MB capacity,     7.09 MB ( 96%) used,   261.30 KB (  3%) free+waste,    42.56 KB ( <1%) overhead. 

Virtual space:
  Non-class space:        8.00 MB reserved,       6.50 MB ( 81%) committed 
      Class space:        1.00 GB reserved,       1.00 MB ( <1%) committed 
             Both:        1.01 GB reserved,       7.50 MB ( <1%) committed 

Chunk freelists:
   Non-Class:  3.50 KB
       Class:  3.13 KB
        Both:  6.63 KB

CodeHeap 'non-profiled nmethods': size=120000Kb used=645Kb max_used=645Kb free=119354Kb
 bounds [0x000002699c450000, 0x000002699c6c0000, 0x00000269a3980000]
CodeHeap 'profiled nmethods': size=120000Kb used=3478Kb max_used=3478Kb free=116521Kb
 bounds [0x0000026994f20000, 0x0000026995290000, 0x000002699c450000]
CodeHeap 'non-nmethods': size=5760Kb used=1190Kb max_used=1190Kb free=4569Kb
 bounds [0x0000026994980000, 0x0000026994bf0000, 0x0000026994f20000]
 total_blobs=2287 nmethods=1476 adapters=381
 compilation: enabled
              stopped_count=0, restarted_count=0
 full_count=0

Compilation events (10 events):
Event: 3.379 Thread 0x00000269b066e800 1477       3       java.lang.StringBuilder::append (8 bytes)
Event: 3.379 Thread 0x00000269b261d800 nmethod 1430 0x000002699c4eed90 code [0x000002699c4eef60, 0x000002699c4efe38]
Event: 3.379 Thread 0x00000269b066e800 nmethod 1477 0x0000026995284e10 code [0x0000026995284fe0, 0x00000269952851b0]
Event: 3.379 Thread 0x00000269b066e800 1478       3       java.lang.AbstractStringBuilder::append (60 bytes)
Event: 3.380 Thread 0x00000269b261d800 1447       4       java.util.Arrays::copyOf (40 bytes)
Event: 3.380 Thread 0x00000269b066e800 nmethod 1478 0x0000026995285290 code [0x00000269952854a0, 0x0000026995285860]
Event: 3.382 Thread 0x00000269b066e800 1479       1       java.util.concurrent.ConcurrentHashMap$MapEntry::getKey (5 bytes)
Event: 3.382 Thread 0x00000269b066e800 nmethod 1479 0x000002699c4f0f90 code [0x000002699c4f1140, 0x000002699c4f1278]
Event: 3.382 Thread 0x00000269b066e800 1480       1       java.util.concurrent.ConcurrentHashMap$MapEntry::getValue (5 bytes)
Event: 3.382 Thread 0x00000269b066e800 nmethod 1480 0x000002699c4f1310 code [0x000002699c4f14c0, 0x000002699c4f15f8]

GC Heap History (1 events):
Event: 3.382 GC heap before
{Heap before GC invocations=0 (full 0):
 garbage-first heap   total 262144K, used 23552K [0x0000000701c00000, 0x0000000800000000)
  region size 1024K, 24 young (24576K), 0 survivors (0K)
 Metaspace       used 7259K, capacity 7563K, committed 7680K, reserved 1056768K
  class space    used 804K, capacity 935K, committed 1024K, reserved 1048576K
}

Deoptimization events (10 events):
Event: 3.167 Thread 0x00000269b066a800 Uncommon trap: reason=class_check action=maybe_recompile pc=0x000002699c4aeab8 method=java.util.Collections$UnmodifiableCollection$1.next()Ljava/lang/Object; @ 4 c2
Event: 3.187 Thread 0x00000269b066a800 Uncommon trap: reason=speculate_class_check action=maybe_recompile pc=0x000002699c4be10c method=java.lang.invoke.Invokers$Holder.linkToTargetMethod(Ljava/lang/Object;Ljava/lang/Object;)Ljava/lang/Object; @ 1 c2
Event: 3.187 Thread 0x00000269b066a800 Uncommon trap: reason=speculate_class_check action=maybe_recompile pc=0x000002699c4be10c method=java.lang.invoke.Invokers$Holder.linkToTargetMethod(Ljava/lang/Object;Ljava/lang/Object;)Ljava/lang/Object; @ 1 c2
Event: 3.187 Thread 0x00000269b066a800 Uncommon trap: reason=speculate_class_check action=maybe_recompile pc=0x000002699c4be10c method=java.lang.invoke.Invokers$Holder.linkToTargetMethod(Ljava/lang/Object;Ljava/lang/Object;)Ljava/lang/Object; @ 1 c2
Event: 3.187 Thread 0x00000269b066a800 Uncommon trap: reason=speculate_class_check action=maybe_recompile pc=0x000002699c4be10c method=java.lang.invoke.Invokers$Holder.linkToTargetMethod(Ljava/lang/Object;Ljava/lang/Object;)Ljava/lang/Object; @ 1 c2
Event: 3.216 Thread 0x000002698c464800 Uncommon trap: reason=intrinsic_or_type_checked_inlining action=make_not_entrant pc=0x000002699c4a8ea0 method=java.util.Arrays.copyOf([Ljava/lang/Object;ILjava/lang/Class;)[Ljava/lang/Object; @ 35 c2
Event: 3.221 Thread 0x000002698c464800 Uncommon trap: reason=unstable_if action=reinterpret pc=0x000002699c4cc938 method=jdk.internal.org.objectweb.asm.Frame.push(I)V @ 26 c2
Event: 3.233 Thread 0x00000269b066a800 Uncommon trap: reason=bimorphic_or_optimized_type_check action=maybe_recompile pc=0x000002699c4ace6c method=java.util.HashMap.putVal(ILjava/lang/Object;Ljava/lang/Object;ZZ)Ljava/lang/Object; @ 91 c2
Event: 3.347 Thread 0x00000269b066a800 Uncommon trap: reason=bimorphic_or_optimized_type_check action=maybe_recompile pc=0x000002699c4b5ea8 method=java.io.DataOutputStream.write([BII)V @ 7 c2
Event: 3.347 Thread 0x00000269b066a800 Uncommon trap: reason=bimorphic_or_optimized_type_check action=maybe_recompile pc=0x000002699c4b5ea8 method=java.io.DataOutputStream.write([BII)V @ 7 c2

Classes redefined (10 events):
Event: 3.116 Thread 0x00000269b063e800 redefined class name=java.lang.Error, count=2
Event: 3.250 Thread 0x00000269b063e800 redefined class name=jdk.jfr.events.ActiveRecordingEvent, count=1
Event: 3.260 Thread 0x00000269b063e800 redefined class name=jdk.jfr.events.ActiveSettingEvent, count=1
Event: 3.269 Thread 0x00000269b063e800 redefined class name=jdk.jfr.events.ErrorThrownEvent, count=1
Event: 3.279 Thread 0x00000269b063e800 redefined class name=jdk.jfr.events.ExceptionStatisticsEvent, count=1
Event: 3.288 Thread 0x00000269b063e800 redefined class name=jdk.jfr.events.SocketWriteEvent, count=1
Event: 3.299 Thread 0x00000269b063e800 redefined class name=jdk.jfr.events.SocketReadEvent, count=1
Event: 3.308 Thread 0x00000269b063e800 redefined class name=jdk.jfr.events.FileWriteEvent, count=1
Event: 3.318 Thread 0x00000269b063e800 redefined class name=jdk.jfr.events.FileReadEvent, count=1
Event: 3.327 Thread 0x00000269b063e800 redefined class name=jdk.jfr.events.FileForceEvent, count=1

Internal exceptions (10 events):
Event: 3.138 Thread 0x000002698c464800 Exception <a 'sun/nio/fs/WindowsException'{0x00000007109c4830}> (0x00000007109c4830) thrown at [t:/workspace/open/src/hotspot/share/prims/jni.cpp, line 615]
Event: 3.139 Thread 0x000002698c464800 Exception <a 'sun/nio/fs/WindowsException'{0x00000007109c4af8}> (0x00000007109c4af8) thrown at [t:/workspace/open/src/hotspot/share/prims/jni.cpp, line 615]
Event: 3.139 Thread 0x000002698c464800 Exception <a 'sun/nio/fs/WindowsException'{0x00000007109c5208}> (0x00000007109c5208) thrown at [t:/workspace/open/src/hotspot/share/prims/jni.cpp, line 615]
Event: 3.152 Thread 0x000002698c464800 Exception <a 'sun/nio/fs/WindowsException'{0x00000007109c6c00}> (0x00000007109c6c00) thrown at [t:/workspace/open/src/hotspot/share/prims/jni.cpp, line 615]
Event: 3.158 Thread 0x000002698c464800 Exception <a 'sun/nio/fs/WindowsException'{0x00000007109c8b70}> (0x00000007109c8b70) thrown at [t:/workspace/open/src/hotspot/share/prims/jni.cpp, line 615]
Event: 3.158 Thread 0x000002698c464800 Exception <a 'sun/nio/fs/WindowsException'{0x00000007109c8ec8}> (0x00000007109c8ec8) thrown at [t:/workspace/open/src/hotspot/share/prims/jni.cpp, line 615]
Event: 3.158 Thread 0x000002698c464800 Exception <a 'sun/nio/fs/WindowsException'{0x00000007109c9b40}> (0x00000007109c9b40) thrown at [t:/workspace/open/src/hotspot/share/prims/jni.cpp, line 615]
Event: 3.159 Thread 0x000002698c464800 Exception <a 'sun/nio/fs/WindowsException'{0x00000007109c9e98}> (0x00000007109c9e98) thrown at [t:/workspace/open/src/hotspot/share/prims/jni.cpp, line 615]
Event: 3.160 Thread 0x00000269b066a800 Exception <a 'java/lang/NoSuchMethodError'{0x000000071071d420}: java.lang.invoke.DirectMethodHandle$Holder.invokeStaticInit(Ljava/lang/Object;Ljava/lang/Object;IIII)Ljava/lang/Object;> (0x000000071071d420) thrown at [t:/workspace/open/src/hotspot/share/in
Event: 3.208 Thread 0x00000269b066a800 Exception <a 'java/lang/ClassNotFoundException'{0x000000071073dac8}: javax/management/remote/rmi/RMIServerImpl_Skel> (0x000000071073dac8) thrown at [t:/workspace/open/src/hotspot/share/classfile/systemDictionary.cpp, line 235]

Events (10 events):
Event: 3.375 loading class java/io/SerialCallbackContext done
Event: 3.375 loading class sun/rmi/transport/ConnectionOutputStream
Event: 3.375 loading class sun/rmi/server/MarshalOutputStream
Event: 3.376 loading class sun/rmi/server/MarshalOutputStream done
Event: 3.376 loading class sun/rmi/transport/ConnectionOutputStream done
Event: 3.377 loading class jdk/internal/agent/ConnectorAddressLink
Event: 3.378 loading class jdk/internal/agent/ConnectorAddressLink done
Event: 3.378 loading class sun/management/counter/Units
Event: 3.378 loading class sun/management/counter/Units done
Event: 3.382 Executing VM operation: G1CollectForAllocation


Dynamic libraries:
0x00007ff732290000 - 0x00007ff73229f000 	D:\develop\jdk\bin\java.exe
0x00007ffc0ac70000 - 0x00007ffc0ae84000 	C:\WINDOWS\SYSTEM32\ntdll.dll
0x00007ffc0a760000 - 0x00007ffc0a823000 	C:\WINDOWS\System32\KERNEL32.DLL
0x00007ffc08570000 - 0x00007ffc0890d000 	C:\WINDOWS\System32\KERNELBASE.dll
0x00007ffc082e0000 - 0x00007ffc083f1000 	C:\WINDOWS\System32\ucrtbase.dll
0x00007ffc01400000 - 0x00007ffc01416000 	D:\develop\jdk\bin\VCRUNTIME140.dll
0x00007ffc01c30000 - 0x00007ffc01c48000 	D:\develop\jdk\bin\jli.dll
0x00007ffc091b0000 - 0x00007ffc0925e000 	C:\WINDOWS\System32\ADVAPI32.dll
0x00007ffc0a6b0000 - 0x00007ffc0a757000 	C:\WINDOWS\System32\msvcrt.dll
0x00007ffc09420000 - 0x00007ffc094c4000 	C:\WINDOWS\System32\sechost.dll
0x00007ffc09300000 - 0x00007ffc09415000 	C:\WINDOWS\System32\RPCRT4.dll
0x00007ffc0a440000 - 0x00007ffc0a5ed000 	C:\WINDOWS\System32\USER32.dll
0x00007ffc08910000 - 0x00007ffc08936000 	C:\WINDOWS\System32\win32u.dll
0x00007ffc0a640000 - 0x00007ffc0a669000 	C:\WINDOWS\System32\GDI32.dll
0x00007ffc08090000 - 0x00007ffc081a2000 	C:\WINDOWS\System32\gdi32full.dll
0x00007ffbed940000 - 0x00007ffbedbce000 	C:\WINDOWS\WinSxS\amd64_microsoft.windows.common-controls_6595b64144ccf1df_6.0.22621.608_none_a9444ca7c10bb01d\COMCTL32.dll
0x00007ffc089c0000 - 0x00007ffc08a5a000 	C:\WINDOWS\System32\msvcp_win.dll
0x00007ffbff860000 - 0x00007ffbff86a000 	C:\WINDOWS\SYSTEM32\VERSION.dll
0x00007ffc0a670000 - 0x00007ffc0a6a2000 	C:\WINDOWS\System32\IMM32.DLL
0x00007ffbf4370000 - 0x00007ffbf441a000 	D:\develop\jdk\bin\msvcp140.dll
0x00007ffb8e010000 - 0x00007ffb8eb87000 	D:\develop\jdk\bin\server\jvm.dll
0x00007ffc09cc0000 - 0x00007ffc09cc8000 	C:\WINDOWS\System32\PSAPI.DLL
0x00007ffc004b0000 - 0x00007ffc004e4000 	C:\WINDOWS\SYSTEM32\WINMM.dll
0x00007ffc02330000 - 0x00007ffc02339000 	C:\WINDOWS\SYSTEM32\WSOCK32.dll
0x00007ffc09280000 - 0x00007ffc092f1000 	C:\WINDOWS\System32\WS2_32.dll
0x00007ffc07190000 - 0x00007ffc071a8000 	C:\WINDOWS\SYSTEM32\kernel.appcore.dll
0x00007ffc013e0000 - 0x00007ffc013f1000 	D:\develop\jdk\bin\verify.dll
0x00007ffc05a40000 - 0x00007ffc05c6e000 	C:\WINDOWS\SYSTEM32\DBGHELP.DLL
0x00007ffc08e20000 - 0x00007ffc091aa000 	C:\WINDOWS\System32\combase.dll
0x00007ffc09ee0000 - 0x00007ffc09fb7000 	C:\WINDOWS\System32\OLEAUT32.dll
0x00007ffbdff30000 - 0x00007ffbdff62000 	C:\WINDOWS\SYSTEM32\dbgcore.DLL
0x00007ffc08940000 - 0x00007ffc089bb000 	C:\WINDOWS\System32\bcryptPrimitives.dll
0x00007ffc013b0000 - 0x00007ffc013d6000 	D:\develop\jdk\bin\java.dll
0x00007ffc01c20000 - 0x00007ffc01c2e000 	D:\develop\jdk\bin\instrument.dll
0x00007ffb903b0000 - 0x00007ffb905f2000 	C:\Users\YanZhi\AppData\Local\Temp\libasyncProfiler.dll
0x00007ffc01390000 - 0x00007ffc013a7000 	D:\develop\jdk\bin\zip.dll
0x00007ffc03140000 - 0x00007ffc0314a000 	D:\develop\jdk\bin\jimage.dll
0x00007ffc094d0000 - 0x00007ffc09cbf000 	C:\WINDOWS\System32\SHELL32.dll
0x00007ffc06070000 - 0x00007ffc06938000 	C:\WINDOWS\SYSTEM32\windows.storage.dll
0x00007ffc05f30000 - 0x00007ffc0606e000 	C:\WINDOWS\SYSTEM32\wintypes.dll
0x00007ffc08be0000 - 0x00007ffc08cd1000 	C:\WINDOWS\System32\SHCORE.dll
0x00007ffc0abd0000 - 0x00007ffc0ac2e000 	C:\WINDOWS\System32\shlwapi.dll
0x00007ffc07fc0000 - 0x00007ffc07fe1000 	C:\WINDOWS\SYSTEM32\profapi.dll
0x00007ffbf6fd0000 - 0x00007ffbf6fe9000 	D:\develop\jdk\bin\net.dll
0x00007ffbeb0c0000 - 0x00007ffbeb2b0000 	C:\WINDOWS\SYSTEM32\urlmon.dll
0x00007ffbfe4b0000 - 0x00007ffbfe5df000 	C:\WINDOWS\SYSTEM32\WINHTTP.dll
0x00007ffbeb090000 - 0x00007ffbeb0b8000 	C:\WINDOWS\SYSTEM32\srvcli.dll
0x00007ffbf7d50000 - 0x00007ffbf8001000 	C:\WINDOWS\SYSTEM32\iertutil.dll
0x00007ffc06bf0000 - 0x00007ffc06bfc000 	C:\WINDOWS\SYSTEM32\netutils.dll
0x00007ffc07600000 - 0x00007ffc07669000 	C:\WINDOWS\system32\mswsock.dll
0x00007ffbf6d90000 - 0x00007ffbf6da3000 	D:\develop\jdk\bin\nio.dll
0x00007ffbf4350000 - 0x00007ffbf436a000 	D:\IDEA\IntelliJ IDEA 2022.1\bin\breakgen64.dll
0x00007ffbf3dc0000 - 0x00007ffbf3e10000 	C:\WINDOWS\system32\pdh.dll
0x00007ffc06c70000 - 0x00007ffc06d62000 	C:\WINDOWS\SYSTEM32\DNSAPI.dll
0x00007ffc06c00000 - 0x00007ffc06c2d000 	C:\WINDOWS\SYSTEM32\IPHLPAPI.DLL
0x00007ffc09cd0000 - 0x00007ffc09cd9000 	C:\WINDOWS\System32\NSI.dll
0x00007ffbf8510000 - 0x00007ffbf851a000 	C:\Windows\System32\rasadhlp.dll
0x00007ffbfc580000 - 0x00007ffbfc603000 	C:\WINDOWS\System32\fwpuclnt.dll
0x00007ffc01380000 - 0x00007ffc01389000 	D:\develop\jdk\bin\management.dll
0x00007ffc012b0000 - 0x00007ffc012bc000 	D:\develop\jdk\bin\management_ext.dll
0x00007ffc03100000 - 0x00007ffc03110000 	C:\WINDOWS\System32\perfos.dll
0x00007ffc05340000 - 0x00007ffc05350000 	C:\WINDOWS\SYSTEM32\pfclient.dll
0x00007ffbf4220000 - 0x00007ffbf4231000 	C:\WINDOWS\System32\perfproc.dll
0x00007ffc07870000 - 0x00007ffc0788b000 	C:\WINDOWS\SYSTEM32\CRYPTSP.dll
0x00007ffc07100000 - 0x00007ffc07135000 	C:\WINDOWS\system32\rsaenh.dll
0x00007ffc076d0000 - 0x00007ffc076f8000 	C:\WINDOWS\SYSTEM32\USERENV.dll
0x00007ffc07a30000 - 0x00007ffc07a58000 	C:\WINDOWS\SYSTEM32\bcrypt.dll
0x00007ffc07890000 - 0x00007ffc0789c000 	C:\WINDOWS\SYSTEM32\CRYPTBASE.dll
0x00007ffbff790000 - 0x00007ffbff7a9000 	C:\WINDOWS\SYSTEM32\dhcpcsvc6.DLL
0x00007ffbff770000 - 0x00007ffbff78f000 	C:\WINDOWS\SYSTEM32\dhcpcsvc.DLL
0x00007ffbdf5c0000 - 0x00007ffbdf5d7000 	C:\WINDOWS\system32\napinsp.dll
0x00007ffbdf5a0000 - 0x00007ffbdf5bb000 	C:\WINDOWS\system32\pnrpnsp.dll
0x00007ffbdf580000 - 0x00007ffbdf591000 	C:\WINDOWS\System32\winrnr.dll
0x00007ffbfec00000 - 0x00007ffbfec15000 	C:\WINDOWS\system32\wshbth.dll
0x00007ffbdf550000 - 0x00007ffbdf571000 	C:\WINDOWS\system32\nlansp_c.dll

dbghelp: loaded successfully - version: 4.0.5 - missing functions: none
symbol engine: initialized successfully - sym options: 0x614 - pdb path: .;D:\develop\jdk\bin;C:\WINDOWS\SYSTEM32;C:\WINDOWS\WinSxS\amd64_microsoft.windows.common-controls_6595b64144ccf1df_6.0.22621.608_none_a9444ca7c10bb01d;D:\develop\jdk\bin\server;C:\Users\YanZhi\AppData\Local\Temp;D:\IDEA\IntelliJ IDEA 2022.1\bin

VM Arguments:
jvm_args: -javaagent:D:\IDEA\IntelliJ IDEA 2022.1\lib\idea_rt.jar=9450:D:\IDEA\IntelliJ IDEA 2022.1\bin -agentpath:C:\Users\YanZhi\AppData\Local\Temp\libasyncProfiler.dll=start,jfr,event=cpu,interval=10ms,jfrsync=profile,cstack=no,file=C:\Users\YanZhi\text_array2_2023_02_10_200924.jfr -Dfile.encoding=UTF-8 
java_command: day9.text_array2
java_class_path (initial): D:\develop\projectEE\out\production\projectEE
Launcher Type: SUN_STANDARD

[Global flags]
     intx CICompilerCount                          = 4                                         {product} {ergonomic}
     uint ConcGCThreads                            = 2                                         {product} {ergonomic}
     bool FlightRecorder                           = true                                      {product} {management}
     uint G1ConcRefinementThreads                  = 8                                         {product} {ergonomic}
   size_t G1HeapRegionSize                         = 1048576                                   {product} {ergonomic}
    uintx GCDrainStackTargetSize                   = 64                                        {product} {ergonomic}
   size_t InitialHeapSize                          = 268435456                                 {product} {ergonomic}
   size_t MarkStackSize                            = 4194304                                   {product} {ergonomic}
   size_t MaxHeapSize                              = 4265607168                                {product} {ergonomic}
   size_t MaxNewSize                               = 2558525440                                {product} {ergonomic}
   size_t MinHeapDeltaBytes                        = 1048576                                   {product} {ergonomic}
    uintx NonNMethodCodeHeapSize                   = 5836300                                {pd product} {ergonomic}
    uintx NonProfiledCodeHeapSize                  = 122910970                              {pd product} {ergonomic}
    uintx ProfiledCodeHeapSize                     = 122910970                              {pd product} {ergonomic}
    uintx ReservedCodeCacheSize                    = 251658240                              {pd product} {ergonomic}
     bool SegmentedCodeCache                       = true                                      {product} {ergonomic}
     bool UseCompressedClassPointers               = true                                 {lp64_product} {ergonomic}
     bool UseCompressedOops                        = true                                 {lp64_product} {ergonomic}
     bool UseG1GC                                  = true                                      {product} {ergonomic}
     bool UseLargePagesIndividualAllocation        = false                                  {pd product} {ergonomic}

Logging:
Log output configuration:
 #0: stdout all=warning uptime,level,tags
 #1: stderr all=off uptime,level,tags

Environment Variables:
JAVA_HOME=D:\develop\jdk
CLASSPATH=.;D:\develop\jdk\lib\dt.jar;D:\develop\jdk\lib\tools.jar
PATH=D:\develop\jdk\bin;C:\Program Files\Common Files\Oracle\Java\javapath;C:\Python27\;C:\Python27\Scripts;D:\jdk-8u261-windows-x64\Java\jdk-11\bin;C:\WINDOWS\system32;C:\WINDOWS;C:\WINDOWS\System32\Wbem;C:\WINDOWS\System32\WindowsPowerShell\v1.0\;C:\WINDOWS\System32\OpenSSH\;D:\jdk-8u261-windows-x64\apache-tomcat-8.5.59\bin;D:\jdk-8u261-windows-x64\MySQL\bin;D:\jdk-8u261-windows-x64\meven\Meven\apache-maven-3.5.2\bin;C:\Program Files (x86)\NVIDIA Corporation\PhysX\Common;C:\Program Files\NVIDIA Corporation\NVIDIA NvDLISR;C:\node\;C:\ProgramData\chocolatey\bin;D:\Xshell\;C:\WINDOWS\system32;C:\WINDOWS;C:\WINDOWS\System32\Wbem;C:\WINDOWS\System32\WindowsPowerShell\v1.0\;C:\WINDOWS\System32\OpenSSH\;C:\Program Files\dotnet\;C:\python3.10.0\Scripts\;C:\python3.10.0\;C:\Users\YanZhi\AppData\Local\Microsoft\WindowsApps;;D:\VSCode\Microsoft VS Code\bin;C:\Users\YanZhi\AppData\Roaming\npm;D:\pycharm\PyCharm 2021.3\bin;
USERNAME=YanZhi
OS=Windows_NT
PROCESSOR_IDENTIFIER=Intel64 Family 6 Model 158 Stepping 10, GenuineIntel



---------------  S Y S T E M  ---------------

OS: Windows 10 , 64 bit Build 22621 (10.0.22621.1105)

CPU:total 8 (initial active 8) (4 cores per cpu, 2 threads per core) family 6 model 158 stepping 10, cmov, cx8, fxsr, mmx, sse, sse2, sse3, ssse3, sse4.1, sse4.2, popcnt, avx, avx2, aes, clmul, erms, 3dnowpref, lzcnt, ht, tsc, tscinvbit, bmi1, bmi2, adx, fma

Memory: 4k page, system-wide physical 16264M (6225M free)
TotalPageFile size 24200M (AvailPageFile size 7290M)
current process WorkingSet (physical memory assigned to process): 127M, peak: 130M
current process commit charge ("private bytes"): 434M, peak: 439M

vm_info: Java HotSpot(TM) 64-Bit Server VM (12.0.2+10) for windows-amd64 JRE (12.0.2+10), built on Jul 16 2019 01:56:17 by "mach5one" with MS VC++ 15.5 (VS2017)

END.
